<?xml version="1.0" encoding="UTF-8"?>
<coverage generated="1632104195847" clover="3.2.0">
  <project timestamp="1632104195847" name="All files">
    <metrics statements="35" coveredstatements="35" conditionals="36" coveredconditionals="36" methods="5" coveredmethods="5" elements="76" coveredelements="76" complexity="0" loc="35" ncloc="35" packages="1" files="1" classes="1"/>
    <file name="index.js" path="/home/runner/work/babel-plugin-transform-remove-imports/babel-plugin-transform-remove-imports/src/index.js">
      <metrics statements="35" coveredstatements="35" conditionals="36" coveredconditionals="36" methods="5" coveredmethods="5"/>
      <line num="3" count="14" type="stmt"/>
      <line num="10" count="29" type="stmt"/>
      <line num="12" count="29" type="cond" truecount="2" falsecount="0"/>
      <line num="13" count="11" type="stmt"/>
      <line num="16" count="18" type="stmt"/>
      <line num="17" count="18" type="stmt"/>
      <line num="19" count="18" type="stmt"/>
      <line num="21" count="18" type="cond" truecount="4" falsecount="0"/>
      <line num="22" count="7" type="stmt"/>
      <line num="25" count="11" type="stmt"/>
      <line num="29" count="11" type="cond" truecount="2" falsecount="0"/>
      <line num="33" count="2" type="stmt"/>
      <line num="36" count="9" type="stmt"/>
      <line num="43" count="39" type="stmt"/>
      <line num="44" count="39" type="stmt"/>
      <line num="45" count="39" type="stmt"/>
      <line num="47" count="39" type="cond" truecount="2" falsecount="0"/>
      <line num="48" count="4" type="stmt"/>
      <line num="49" count="4" type="stmt"/>
      <line num="52" count="35" type="cond" truecount="2" falsecount="0"/>
      <line num="53" count="4" type="stmt"/>
      <line num="54" count="4" type="stmt"/>
      <line num="58" count="31" type="cond" truecount="4" falsecount="0"/>
      <line num="59" count="31" type="stmt"/>
      <line num="62" count="31" type="cond" truecount="2" falsecount="0"/>
      <line num="63" count="4" type="cond" truecount="6" falsecount="0"/>
      <line num="64" count="1" type="stmt"/>
      <line num="66" count="4" type="stmt"/>
      <line num="69" count="27" type="cond" truecount="4" falsecount="0"/>
      <line num="70" count="12" type="stmt"/>
      <line num="89" count="45" type="cond" truecount="2" falsecount="0"/>
      <line num="92" count="45" type="stmt"/>
      <line num="93" count="54" type="cond" truecount="2" falsecount="0"/>
      <line num="94" count="30" type="stmt"/>
      <line num="96" count="54" type="cond" truecount="2" falsecount="0"/>
    </file>
  </project>
</coverage>
