{"/home/runner/work/babel-plugin-transform-remove-imports/babel-plugin-transform-remove-imports/src/index.js": {"path":"/home/runner/work/babel-plugin-transform-remove-imports/babel-plugin-transform-remove-imports/src/index.js","statementMap":{"0":{"start":{"line":3,"column":2},"end":{"line":75,"column":4}},"1":{"start":{"line":10,"column":25},"end":{"line":10,"column":29}},"2":{"start":{"line":12,"column":8},"end":{"line":14,"column":9}},"3":{"start":{"line":13,"column":10},"end":{"line":13,"column":17}},"4":{"start":{"line":16,"column":25},"end":{"line":16,"column":42}},"5":{"start":{"line":17,"column":25},"end":{"line":17,"column":39}},"6":{"start":{"line":19,"column":24},"end":{"line":19,"column":34}},"7":{"start":{"line":21,"column":8},"end":{"line":23,"column":9}},"8":{"start":{"line":22,"column":10},"end":{"line":22,"column":17}},"9":{"start":{"line":25,"column":27},"end":{"line":25,"column":52}},"10":{"start":{"line":29,"column":8},"end":{"line":34,"column":9}},"11":{"start":{"line":33,"column":10},"end":{"line":33,"column":17}},"12":{"start":{"line":36,"column":8},"end":{"line":36,"column":22}},"13":{"start":{"line":43,"column":25},"end":{"line":43,"column":29}},"14":{"start":{"line":44,"column":27},"end":{"line":44,"column":31}},"15":{"start":{"line":45,"column":25},"end":{"line":45,"column":30}},"16":{"start":{"line":47,"column":8},"end":{"line":50,"column":9}},"17":{"start":{"line":48,"column":10},"end":{"line":48,"column":24}},"18":{"start":{"line":49,"column":10},"end":{"line":49,"column":17}},"19":{"start":{"line":52,"column":8},"end":{"line":55,"column":9}},"20":{"start":{"line":53,"column":10},"end":{"line":53,"column":86}},"21":{"start":{"line":54,"column":10},"end":{"line":54,"column":17}},"22":{"start":{"line":58,"column":28},"end":{"line":58,"column":77}},"23":{"start":{"line":59,"column":24},"end":{"line":59,"column":58}},"24":{"start":{"line":62,"column":8},"end":{"line":67,"column":9}},"25":{"start":{"line":63,"column":10},"end":{"line":65,"column":11}},"26":{"start":{"line":64,"column":12},"end":{"line":64,"column":26}},"27":{"start":{"line":66,"column":10},"end":{"line":66,"column":17}},"28":{"start":{"line":69,"column":8},"end":{"line":71,"column":9}},"29":{"start":{"line":70,"column":10},"end":{"line":70,"column":24}},"30":{"start":{"line":89,"column":16},"end":{"line":89,"column":51}},"31":{"start":{"line":92,"column":2},"end":{"line":97,"column":5}},"32":{"start":{"line":93,"column":4},"end":{"line":95,"column":5}},"33":{"start":{"line":94,"column":6},"end":{"line":94,"column":32}},"34":{"start":{"line":96,"column":4},"end":{"line":96,"column":40}}},"fnMap":{"0":{"name":"(anonymous_0)","decl":{"start":{"line":2,"column":15},"end":{"line":2,"column":16}},"loc":{"start":{"line":2,"column":27},"end":{"line":76,"column":1}},"line":2},"1":{"name":"(anonymous_1)","decl":{"start":{"line":8,"column":6},"end":{"line":8,"column":7}},"loc":{"start":{"line":8,"column":34},"end":{"line":38,"column":7}},"line":8},"2":{"name":"(anonymous_2)","decl":{"start":{"line":41,"column":6},"end":{"line":41,"column":7}},"loc":{"start":{"line":41,"column":37},"end":{"line":73,"column":7}},"line":41},"3":{"name":"testMatches","decl":{"start":{"line":86,"column":9},"end":{"line":86,"column":20}},"loc":{"start":{"line":86,"column":39},"end":{"line":99,"column":1}},"line":86},"4":{"name":"(anonymous_4)","decl":{"start":{"line":92,"column":20},"end":{"line":92,"column":21}},"loc":{"start":{"line":92,"column":29},"end":{"line":97,"column":3}},"line":92}},"branchMap":{"0":{"loc":{"start":{"line":12,"column":8},"end":{"line":14,"column":9}},"type":"if","locations":[{"start":{"line":12,"column":8},"end":{"line":14,"column":9}},{"start":{"line":12,"column":8},"end":{"line":14,"column":9}}],"line":12},"1":{"loc":{"start":{"line":21,"column":8},"end":{"line":23,"column":9}},"type":"if","locations":[{"start":{"line":21,"column":8},"end":{"line":23,"column":9}},{"start":{"line":21,"column":8},"end":{"line":23,"column":9}}],"line":21},"2":{"loc":{"start":{"line":21,"column":12},"end":{"line":21,"column":64}},"type":"binary-expr","locations":[{"start":{"line":21,"column":12},"end":{"line":21,"column":24}},{"start":{"line":21,"column":28},"end":{"line":21,"column":64}}],"line":21},"3":{"loc":{"start":{"line":29,"column":8},"end":{"line":34,"column":9}},"type":"if","locations":[{"start":{"line":29,"column":8},"end":{"line":34,"column":9}},{"start":{"line":29,"column":8},"end":{"line":34,"column":9}}],"line":29},"4":{"loc":{"start":{"line":30,"column":10},"end":{"line":31,"column":46}},"type":"binary-expr","locations":[{"start":{"line":30,"column":10},"end":{"line":30,"column":38}},{"start":{"line":31,"column":10},"end":{"line":31,"column":46}}],"line":30},"5":{"loc":{"start":{"line":47,"column":8},"end":{"line":50,"column":9}},"type":"if","locations":[{"start":{"line":47,"column":8},"end":{"line":50,"column":9}},{"start":{"line":47,"column":8},"end":{"line":50,"column":9}}],"line":47},"6":{"loc":{"start":{"line":52,"column":8},"end":{"line":55,"column":9}},"type":"if","locations":[{"start":{"line":52,"column":8},"end":{"line":55,"column":9}},{"start":{"line":52,"column":8},"end":{"line":55,"column":9}}],"line":52},"7":{"loc":{"start":{"line":58,"column":28},"end":{"line":58,"column":77}},"type":"cond-expr","locations":[{"start":{"line":58,"column":53},"end":{"line":58,"column":65}},{"start":{"line":58,"column":68},"end":{"line":58,"column":77}}],"line":58},"8":{"loc":{"start":{"line":58,"column":28},"end":{"line":58,"column":50}},"type":"binary-expr","locations":[{"start":{"line":58,"column":28},"end":{"line":58,"column":34}},{"start":{"line":58,"column":38},"end":{"line":58,"column":50}}],"line":58},"9":{"loc":{"start":{"line":62,"column":8},"end":{"line":67,"column":9}},"type":"if","locations":[{"start":{"line":62,"column":8},"end":{"line":67,"column":9}},{"start":{"line":62,"column":8},"end":{"line":67,"column":9}}],"line":62},"10":{"loc":{"start":{"line":63,"column":10},"end":{"line":65,"column":11}},"type":"if","locations":[{"start":{"line":63,"column":10},"end":{"line":65,"column":11}},{"start":{"line":63,"column":10},"end":{"line":65,"column":11}}],"line":63},"11":{"loc":{"start":{"line":63,"column":14},"end":{"line":63,"column":86}},"type":"binary-expr","locations":[{"start":{"line":63,"column":14},"end":{"line":63,"column":29}},{"start":{"line":63,"column":33},"end":{"line":63,"column":61}},{"start":{"line":63,"column":65},"end":{"line":63,"column":75}},{"start":{"line":63,"column":79},"end":{"line":63,"column":86}}],"line":63},"12":{"loc":{"start":{"line":69,"column":8},"end":{"line":71,"column":9}},"type":"if","locations":[{"start":{"line":69,"column":8},"end":{"line":71,"column":9}},{"start":{"line":69,"column":8},"end":{"line":71,"column":9}}],"line":69},"13":{"loc":{"start":{"line":69,"column":12},"end":{"line":69,"column":33}},"type":"binary-expr","locations":[{"start":{"line":69,"column":12},"end":{"line":69,"column":22}},{"start":{"line":69,"column":26},"end":{"line":69,"column":33}}],"line":69},"14":{"loc":{"start":{"line":89,"column":16},"end":{"line":89,"column":51}},"type":"cond-expr","locations":[{"start":{"line":89,"column":38},"end":{"line":89,"column":42}},{"start":{"line":89,"column":45},"end":{"line":89,"column":51}}],"line":89},"15":{"loc":{"start":{"line":93,"column":4},"end":{"line":95,"column":5}},"type":"if","locations":[{"start":{"line":93,"column":4},"end":{"line":95,"column":5}},{"start":{"line":93,"column":4},"end":{"line":95,"column":5}}],"line":93},"16":{"loc":{"start":{"line":96,"column":22},"end":{"line":96,"column":38}},"type":"binary-expr","locations":[{"start":{"line":96,"column":22},"end":{"line":96,"column":32}},{"start":{"line":96,"column":36},"end":{"line":96,"column":38}}],"line":96}},"s":{"0":14,"1":29,"2":29,"3":11,"4":18,"5":18,"6":18,"7":18,"8":7,"9":11,"10":11,"11":2,"12":9,"13":39,"14":39,"15":39,"16":39,"17":4,"18":4,"19":35,"20":4,"21":4,"22":31,"23":31,"24":31,"25":4,"26":1,"27":4,"28":27,"29":12,"30":45,"31":45,"32":54,"33":30,"34":54},"f":{"0":14,"1":29,"2":39,"3":45,"4":54},"b":{"0":[11,18],"1":[7,11],"2":[18,14],"3":[2,9],"4":[11,3],"5":[4,35],"6":[4,31],"7":[30,1],"8":[31,31],"9":[4,27],"10":[1,3],"11":[4,4,1,1],"12":[12,15],"13":[27,26],"14":[6,39],"15":[30,24],"16":[54,1]},"_coverageSchema":"1a1c01bbd47fc00a2c39e90264f33305004495a9","hash":"8e1b17016c24cf8a63fd350d63a74437fd1cef29"}
}
