TN:
SF:src/index.js
FN:2,(anonymous_0)
FN:8,(anonymous_1)
FN:41,(anonymous_2)
FN:86,testMatches
FN:92,(anonymous_4)
FNF:5
FNH:5
FNDA:14,(anonymous_0)
FNDA:29,(anonymous_1)
FNDA:39,(anonymous_2)
FNDA:45,testMatches
FNDA:54,(anonymous_4)
DA:3,14
DA:10,29
DA:12,29
DA:13,11
DA:16,18
DA:17,18
DA:19,18
DA:21,18
DA:22,7
DA:25,11
DA:29,11
DA:33,2
DA:36,9
DA:43,39
DA:44,39
DA:45,39
DA:47,39
DA:48,4
DA:49,4
DA:52,35
DA:53,4
DA:54,4
DA:58,31
DA:59,31
DA:62,31
DA:63,4
DA:64,1
DA:66,4
DA:69,27
DA:70,12
DA:89,45
DA:92,45
DA:93,54
DA:94,30
DA:96,54
LF:35
LH:35
BRDA:12,0,0,11
BRDA:12,0,1,18
BRDA:21,1,0,7
BRDA:21,1,1,11
BRDA:21,2,0,18
BRDA:21,2,1,14
BRDA:29,3,0,2
BRDA:29,3,1,9
BRDA:30,4,0,11
BRDA:30,4,1,3
BRDA:47,5,0,4
BRDA:47,5,1,35
BRDA:52,6,0,4
BRDA:52,6,1,31
BRDA:58,7,0,30
BRDA:58,7,1,1
BRDA:58,8,0,31
BRDA:58,8,1,31
BRDA:62,9,0,4
BRDA:62,9,1,27
BRDA:63,10,0,1
BRDA:63,10,1,3
BRDA:63,11,0,4
BRDA:63,11,1,4
BRDA:63,11,2,1
BRDA:63,11,3,1
BRDA:69,12,0,12
BRDA:69,12,1,15
BRDA:69,13,0,27
BRDA:69,13,1,26
BRDA:89,14,0,6
BRDA:89,14,1,39
BRDA:93,15,0,30
BRDA:93,15,1,24
BRDA:96,16,0,54
BRDA:96,16,1,1
BRF:36
BRH:36
end_of_record
